<?xml version="1.0" encoding="UTF-8"?>
<!-- Generated by org.testng.reporters.JUnitReportReporter -->
<testsuite name="testCases.teleSalesPortal.U65_Q2E_03_updated" tests="1" time="208.269" ignored="26" failures="1" timestamp="25 Oct 2017 05:56:47 GMT" skipped="0" hostname="V000006112" errors="0">
  <testcase name="U65_Q2E_FillApplication_Payment" time="208.269" classname="testCases.teleSalesPortal.U65_Q2E_03_updated">
    <failure type="java.lang.AssertionError" message="Select PCP functionality on Application info Page is Failed.">
      <![CDATA[java.lang.AssertionError: Select PCP functionality on Application info Page is Failed.
	at org.testng.Assert.fail(Assert.java:94)
	at utility.Selenium.failTest(Selenium.java:233)
	at utility.Selenium.failTest(Selenium.java:179)
	at appModules.SFDCApplication.selectPCP(SFDCApplication.java:2198)
	at testCases.teleSalesPortal.U65_Q2E_03_updated.U65_Q2E_FillApplication_Payment(U65_Q2E_03_updated.java:86)
	at sun.reflect.NativeMethodAccessorImpl.invoke0(Native Method)
	at sun.reflect.NativeMethodAccessorImpl.invoke(Unknown Source)
	at sun.reflect.DelegatingMethodAccessorImpl.invoke(Unknown Source)
	at java.lang.reflect.Method.invoke(Unknown Source)
	at org.testng.internal.MethodInvocationHelper.invokeMethod(MethodInvocationHelper.java:104)
	at org.testng.internal.Invoker.invokeMethod(Invoker.java:645)
	at org.testng.internal.Invoker.invokeTestMethod(Invoker.java:851)
	at org.testng.internal.Invoker.invokeTestMethods(Invoker.java:1177)
	at org.testng.internal.TestMethodWorker.invokeTestMethods(TestMethodWorker.java:129)
	at org.testng.internal.TestMethodWorker.run(TestMethodWorker.java:112)
	at org.testng.TestRunner.privateRun(TestRunner.java:756)
	at org.testng.TestRunner.run(TestRunner.java:610)
	at org.testng.SuiteRunner.runTest(SuiteRunner.java:387)
	at org.testng.SuiteRunner.runSequentially(SuiteRunner.java:382)
	at org.testng.SuiteRunner.privateRun(SuiteRunner.java:340)
	at org.testng.SuiteRunner.run(SuiteRunner.java:289)
	at org.testng.SuiteRunnerWorker.runSuite(SuiteRunnerWorker.java:52)
	at org.testng.SuiteRunnerWorker.run(SuiteRunnerWorker.java:86)
	at org.testng.TestNG.runSuitesSequentially(TestNG.java:1293)
	at org.testng.TestNG.runSuitesLocally(TestNG.java:1218)
	at org.testng.TestNG.runSuites(TestNG.java:1133)
	at org.testng.TestNG.run(TestNG.java:1104)
	at org.testng.remote.AbstractRemoteTestNG.run(AbstractRemoteTestNG.java:132)
	at org.testng.remote.RemoteTestNG.initAndRun(RemoteTestNG.java:236)
	at org.testng.remote.RemoteTestNG.main(RemoteTestNG.java:81)
]]>
    </failure>
  </testcase> <!-- U65_Q2E_FillApplication_Payment -->
  <testcase name="setUp" classname="utility.BaseExtentReport">
    <skipped/>
  </testcase> <!-- setUp -->
  <testcase name="setUp" classname="utility.BaseExtentReport">
    <skipped/>
  </testcase> <!-- setUp -->
  <testcase name="setUp" classname="utility.BaseExtentReport">
    <skipped/>
  </testcase> <!-- setUp -->
  <testcase name="setUp" classname="utility.BaseExtentReport">
    <skipped/>
  </testcase> <!-- setUp -->
  <testcase name="setUp" classname="utility.BaseExtentReport">
    <skipped/>
  </testcase> <!-- setUp -->
  <testcase name="setUp" classname="utility.BaseExtentReport">
    <skipped/>
  </testcase> <!-- setUp -->
  <testcase name="setUp" classname="utility.BaseExtentReport">
    <skipped/>
  </testcase> <!-- setUp -->
  <testcase name="setUp" classname="utility.BaseExtentReport">
    <skipped/>
  </testcase> <!-- setUp -->
  <testcase name="setUp" classname="utility.BaseExtentReport">
    <skipped/>
  </testcase> <!-- setUp -->
  <testcase name="setUp" classname="utility.BaseExtentReport">
    <skipped/>
  </testcase> <!-- setUp -->
  <testcase name="setUp" classname="utility.BaseExtentReport">
    <skipped/>
  </testcase> <!-- setUp -->
  <testcase name="setUp" classname="utility.BaseExtentReport">
    <skipped/>
  </testcase> <!-- setUp -->
  <testcase name="setUp" classname="utility.BaseExtentReport">
    <skipped/>
  </testcase> <!-- setUp -->
  <testcase name="tearDown" classname="utility.BaseExtentReport">
    <skipped/>
  </testcase> <!-- tearDown -->
  <testcase name="tearDown" classname="utility.BaseExtentReport">
    <skipped/>
  </testcase> <!-- tearDown -->
  <testcase name="tearDown" classname="utility.BaseExtentReport">
    <skipped/>
  </testcase> <!-- tearDown -->
  <testcase name="tearDown" classname="utility.BaseExtentReport">
    <skipped/>
  </testcase> <!-- tearDown -->
  <testcase name="tearDown" classname="utility.BaseExtentReport">
    <skipped/>
  </testcase> <!-- tearDown -->
  <testcase name="tearDown" classname="utility.BaseExtentReport">
    <skipped/>
  </testcase> <!-- tearDown -->
  <testcase name="tearDown" classname="utility.BaseExtentReport">
    <skipped/>
  </testcase> <!-- tearDown -->
  <testcase name="tearDown" classname="utility.BaseExtentReport">
    <skipped/>
  </testcase> <!-- tearDown -->
  <testcase name="tearDown" classname="utility.BaseExtentReport">
    <skipped/>
  </testcase> <!-- tearDown -->
  <testcase name="tearDown" classname="utility.BaseExtentReport">
    <skipped/>
  </testcase> <!-- tearDown -->
  <testcase name="tearDown" classname="utility.BaseExtentReport">
    <skipped/>
  </testcase> <!-- tearDown -->
  <testcase name="tearDown" classname="utility.BaseExtentReport">
    <skipped/>
  </testcase> <!-- tearDown -->
  <testcase name="tearDown" classname="utility.BaseExtentReport">
    <skipped/>
  </testcase> <!-- tearDown -->
</testsuite> <!-- testCases.teleSalesPortal.U65_Q2E_03_updated -->
