<?xml version="1.0" encoding="UTF-8"?>
<!-- Generated by org.testng.reporters.JUnitReportReporter -->
<testsuite name="testCases.teleSalesPortal.U65_Q2E_07_updated" tests="1" time="231.901" ignored="26" failures="0" timestamp="25 Oct 2017 05:56:47 GMT" skipped="0" hostname="V000006112" errors="1">
  <testcase name="main" time="231.901" classname="testCases.teleSalesPortal.U65_Q2E_07_updated">
    <error type="org.openqa.selenium.NoSuchElementException" message="no such element: Unable to locate element: {&quot;method&quot;:&quot;xpath&quot;,&quot;selector&quot;:&quot;//a[contains(text(),&#039;In Progress&#039;)]&quot;}
  (Session info: chrome=61.0.3163.100)
  (Driver info: chromedriver=2.30.477700 (0057494ad8732195794a7b32078424f92a5fce41),platform=Windows NT 6.1.7601 SP1 x86_64) (WARNING: The server did not provide any stacktrace information)
Command duration or timeout: 20.04 seconds
For documentation on this error, please visit: http://seleniumhq.org/exceptions/no_such_element.html
Build info: version: &#039;unknown&#039;, revision: &#039;1969d75&#039;, time: &#039;2016-10-18 09:43:45 -0700&#039;
System info: host: &#039;V000006112&#039;, ip: &#039;155.49.139.4&#039;, os.name: &#039;Windows 7&#039;, os.arch: &#039;x86&#039;, os.version: &#039;6.1&#039;, java.version: &#039;1.8.0_74&#039;
Driver info: org.openqa.selenium.chrome.ChromeDriver
Capabilities [{applicationCacheEnabled=false, rotatable=false, mobileEmulationEnabled=false, networkConnectionEnabled=false, chrome={chromedriverVersion=2.30.477700 (0057494ad8732195794a7b32078424f92a5fce41), userDataDir=C:\Users\caggarwa\AppData\Local\Temp\scoped_dir8812_11179}, takesHeapSnapshot=true, pageLoadStrategy=normal, databaseEnabled=false, handlesAlerts=true, hasTouchScreen=false, version=61.0.3163.100, platform=XP, browserConnectionEnabled=false, nativeEvents=true, acceptSslCerts=true, locationContextEnabled=true, webStorageEnabled=true, browserName=chrome, takesScreenshot=true, javascriptEnabled=true, cssSelectorsEnabled=true, unexpectedAlertBehaviour=}]
Session ID: f53d9c645803d9aeadcdea885f79e054
*** Element info: {Using=xpath, value=//a[contains(text(),&#039;In Progress&#039;)]}">
      <![CDATA[org.openqa.selenium.NoSuchElementException: no such element: Unable to locate element: {"method":"xpath","selector":"//a[contains(text(),'In Progress')]"}
  (Session info: chrome=61.0.3163.100)
  (Driver info: chromedriver=2.30.477700 (0057494ad8732195794a7b32078424f92a5fce41),platform=Windows NT 6.1.7601 SP1 x86_64) (WARNING: The server did not provide any stacktrace information)
Command duration or timeout: 20.04 seconds
For documentation on this error, please visit: http://seleniumhq.org/exceptions/no_such_element.html
Build info: version: 'unknown', revision: '1969d75', time: '2016-10-18 09:43:45 -0700'
System info: host: 'V000006112', ip: '155.49.139.4', os.name: 'Windows 7', os.arch: 'x86', os.version: '6.1', java.version: '1.8.0_74'
Driver info: org.openqa.selenium.chrome.ChromeDriver
Capabilities [{applicationCacheEnabled=false, rotatable=false, mobileEmulationEnabled=false, networkConnectionEnabled=false, chrome={chromedriverVersion=2.30.477700 (0057494ad8732195794a7b32078424f92a5fce41), userDataDir=C:\Users\caggarwa\AppData\Local\Temp\scoped_dir8812_11179}, takesHeapSnapshot=true, pageLoadStrategy=normal, databaseEnabled=false, handlesAlerts=true, hasTouchScreen=false, version=61.0.3163.100, platform=XP, browserConnectionEnabled=false, nativeEvents=true, acceptSslCerts=true, locationContextEnabled=true, webStorageEnabled=true, browserName=chrome, takesScreenshot=true, javascriptEnabled=true, cssSelectorsEnabled=true, unexpectedAlertBehaviour=}]
Session ID: f53d9c645803d9aeadcdea885f79e054
*** Element info: {Using=xpath, value=//a[contains(text(),'In Progress')]}
	at sun.reflect.NativeConstructorAccessorImpl.newInstance0(Native Method)
	at sun.reflect.NativeConstructorAccessorImpl.newInstance(Unknown Source)
	at sun.reflect.DelegatingConstructorAccessorImpl.newInstance(Unknown Source)
	at java.lang.reflect.Constructor.newInstance(Unknown Source)
	at org.openqa.selenium.remote.ErrorHandler.createThrowable(ErrorHandler.java:216)
	at org.openqa.selenium.remote.ErrorHandler.throwIfResponseFailed(ErrorHandler.java:168)
	at org.openqa.selenium.remote.RemoteWebDriver.execute(RemoteWebDriver.java:635)
	at org.openqa.selenium.remote.RemoteWebDriver.findElement(RemoteWebDriver.java:368)
	at org.openqa.selenium.remote.RemoteWebDriver.findElementByXPath(RemoteWebDriver.java:473)
	at org.openqa.selenium.By$ByXPath.findElement(By.java:361)
	at org.openqa.selenium.remote.RemoteWebDriver.findElement(RemoteWebDriver.java:360)
	at appModules.SFDCOpportunities.NavigateToInProgressQuote(SFDCOpportunities.java:132)
	at testCases.teleSalesPortal.U65_Q2E_07_updated.main(U65_Q2E_07_updated.java:93)
	at sun.reflect.NativeMethodAccessorImpl.invoke0(Native Method)
	at sun.reflect.NativeMethodAccessorImpl.invoke(Unknown Source)
	at sun.reflect.DelegatingMethodAccessorImpl.invoke(Unknown Source)
	at java.lang.reflect.Method.invoke(Unknown Source)
	at org.testng.internal.MethodInvocationHelper.invokeMethod(MethodInvocationHelper.java:104)
	at org.testng.internal.Invoker.invokeMethod(Invoker.java:645)
	at org.testng.internal.Invoker.invokeTestMethod(Invoker.java:851)
	at org.testng.internal.Invoker.invokeTestMethods(Invoker.java:1177)
	at org.testng.internal.TestMethodWorker.invokeTestMethods(TestMethodWorker.java:129)
	at org.testng.internal.TestMethodWorker.run(TestMethodWorker.java:112)
	at org.testng.TestRunner.privateRun(TestRunner.java:756)
	at org.testng.TestRunner.run(TestRunner.java:610)
	at org.testng.SuiteRunner.runTest(SuiteRunner.java:387)
	at org.testng.SuiteRunner.runSequentially(SuiteRunner.java:382)
	at org.testng.SuiteRunner.privateRun(SuiteRunner.java:340)
	at org.testng.SuiteRunner.run(SuiteRunner.java:289)
	at org.testng.SuiteRunnerWorker.runSuite(SuiteRunnerWorker.java:52)
	at org.testng.SuiteRunnerWorker.run(SuiteRunnerWorker.java:86)
	at org.testng.TestNG.runSuitesSequentially(TestNG.java:1293)
	at org.testng.TestNG.runSuitesLocally(TestNG.java:1218)
	at org.testng.TestNG.runSuites(TestNG.java:1133)
	at org.testng.TestNG.run(TestNG.java:1104)
	at org.testng.remote.AbstractRemoteTestNG.run(AbstractRemoteTestNG.java:132)
	at org.testng.remote.RemoteTestNG.initAndRun(RemoteTestNG.java:236)
	at org.testng.remote.RemoteTestNG.main(RemoteTestNG.java:81)
]]>
    </error>
  </testcase> <!-- main -->
  <testcase name="setUp" classname="utility.BaseExtentReport">
    <skipped/>
  </testcase> <!-- setUp -->
  <testcase name="setUp" classname="utility.BaseExtentReport">
    <skipped/>
  </testcase> <!-- setUp -->
  <testcase name="setUp" classname="utility.BaseExtentReport">
    <skipped/>
  </testcase> <!-- setUp -->
  <testcase name="setUp" classname="utility.BaseExtentReport">
    <skipped/>
  </testcase> <!-- setUp -->
  <testcase name="setUp" classname="utility.BaseExtentReport">
    <skipped/>
  </testcase> <!-- setUp -->
  <testcase name="setUp" classname="utility.BaseExtentReport">
    <skipped/>
  </testcase> <!-- setUp -->
  <testcase name="setUp" classname="utility.BaseExtentReport">
    <skipped/>
  </testcase> <!-- setUp -->
  <testcase name="setUp" classname="utility.BaseExtentReport">
    <skipped/>
  </testcase> <!-- setUp -->
  <testcase name="setUp" classname="utility.BaseExtentReport">
    <skipped/>
  </testcase> <!-- setUp -->
  <testcase name="setUp" classname="utility.BaseExtentReport">
    <skipped/>
  </testcase> <!-- setUp -->
  <testcase name="setUp" classname="utility.BaseExtentReport">
    <skipped/>
  </testcase> <!-- setUp -->
  <testcase name="setUp" classname="utility.BaseExtentReport">
    <skipped/>
  </testcase> <!-- setUp -->
  <testcase name="setUp" classname="utility.BaseExtentReport">
    <skipped/>
  </testcase> <!-- setUp -->
  <testcase name="tearDown" classname="utility.BaseExtentReport">
    <skipped/>
  </testcase> <!-- tearDown -->
  <testcase name="tearDown" classname="utility.BaseExtentReport">
    <skipped/>
  </testcase> <!-- tearDown -->
  <testcase name="tearDown" classname="utility.BaseExtentReport">
    <skipped/>
  </testcase> <!-- tearDown -->
  <testcase name="tearDown" classname="utility.BaseExtentReport">
    <skipped/>
  </testcase> <!-- tearDown -->
  <testcase name="tearDown" classname="utility.BaseExtentReport">
    <skipped/>
  </testcase> <!-- tearDown -->
  <testcase name="tearDown" classname="utility.BaseExtentReport">
    <skipped/>
  </testcase> <!-- tearDown -->
  <testcase name="tearDown" classname="utility.BaseExtentReport">
    <skipped/>
  </testcase> <!-- tearDown -->
  <testcase name="tearDown" classname="utility.BaseExtentReport">
    <skipped/>
  </testcase> <!-- tearDown -->
  <testcase name="tearDown" classname="utility.BaseExtentReport">
    <skipped/>
  </testcase> <!-- tearDown -->
  <testcase name="tearDown" classname="utility.BaseExtentReport">
    <skipped/>
  </testcase> <!-- tearDown -->
  <testcase name="tearDown" classname="utility.BaseExtentReport">
    <skipped/>
  </testcase> <!-- tearDown -->
  <testcase name="tearDown" classname="utility.BaseExtentReport">
    <skipped/>
  </testcase> <!-- tearDown -->
  <testcase name="tearDown" classname="utility.BaseExtentReport">
    <skipped/>
  </testcase> <!-- tearDown -->
</testsuite> <!-- testCases.teleSalesPortal.U65_Q2E_07_updated -->
